c:\users\ahmed ashraf\desktop\marketplace\market\x64\debug\vc142.pdb
c:\users\ahmed ashraf\desktop\marketplace\market\x64\debug\vc142.idb
c:\users\ahmed ashraf\desktop\marketplace\market\x64\debug\seller.obj
c:\users\ahmed ashraf\desktop\marketplace\market\x64\debug\product.obj
c:\users\ahmed ashraf\desktop\marketplace\market\x64\debug\main.obj
c:\users\ahmed ashraf\desktop\marketplace\market\x64\debug\customer.obj
c:\users\ahmed ashraf\desktop\marketplace\x64\debug\market.pdb
c:\users\ahmed ashraf\desktop\marketplace\x64\debug\market.ilk
c:\users\ahmed ashraf\desktop\marketplace\market\x64\debug\market.tlog\cl.command.1.tlog
c:\users\ahmed ashraf\desktop\marketplace\market\x64\debug\market.tlog\cl.read.1.tlog
c:\users\ahmed ashraf\desktop\marketplace\market\x64\debug\market.tlog\cl.write.1.tlog
c:\users\ahmed ashraf\desktop\marketplace\market\x64\debug\market.tlog\link.15844-cvtres.read.1.tlog
c:\users\ahmed ashraf\desktop\marketplace\market\x64\debug\market.tlog\link.15844-cvtres.write.1.tlog
c:\users\ahmed ashraf\desktop\marketplace\market\x64\debug\market.tlog\link.15844-rc.read.1.tlog
c:\users\ahmed ashraf\desktop\marketplace\market\x64\debug\market.tlog\link.15844-rc.write.1.tlog
c:\users\ahmed ashraf\desktop\marketplace\market\x64\debug\market.tlog\link.15844.read.1.tlog
c:\users\ahmed ashraf\desktop\marketplace\market\x64\debug\market.tlog\link.15844.write.1.tlog
c:\users\ahmed ashraf\desktop\marketplace\market\x64\debug\market.tlog\link.command.1.tlog
c:\users\ahmed ashraf\desktop\marketplace\market\x64\debug\market.tlog\link.delete.1.tlog
c:\users\ahmed ashraf\desktop\marketplace\market\x64\debug\market.tlog\link.read.1.tlog
c:\users\ahmed ashraf\desktop\marketplace\market\x64\debug\market.tlog\link.write.1.tlog
